<test>
	<also>3. This is the external value of also.</also>
</test>
