<XXX>
	<tmp>JNDI TMP</tmp>
	<another>JNDI ANOTHER</another>
</XXX>
