<test>
	<tmp>2. This is the external value of tmp.</tmp>
</test>
