<test>
	<tmp>JNDI TMP</tmp>
	<another>JNDI ANOTHER</another>
</test>
