<test>
	<tmp>1. This is the external value of tmp.</tmp>
	<another>1. This is the external value of another.</another>
</test>
